{"numTotalTestSuites":10,"numPassedTestSuites":10,"numFailedTestSuites":0,"numPendingTestSuites":0,"numTotalTests":13,"numPassedTests":13,"numFailedTests":0,"numPendingTests":0,"numTodoTests":0,"startTime":1778126836742,"success":true,"testResults":[{"assertionResults":[{"ancestorTitles":["","geojsonToDataUri"],"fullName":" geojsonToDataUri round-trips a small FeatureCollection","status":"passed","title":"round-trips a small FeatureCollection","duration":1,"failureMessages":[]},{"ancestorTitles":["","geojsonToDataUri"],"fullName":" geojsonToDataUri preserves non-ASCII content (Cyrillic + emoji)","status":"passed","title":"preserves non-ASCII content (Cyrillic + emoji)","duration":1,"failureMessages":[]}],"startTime":1778126837694,"endTime":1778126837696,"status":"passed","message":"","name":"D:/Contract Work/XR Navigation/Audiom-Highcharts/plugin/test/data-uri.test.ts"},{"assertionResults":[{"ancestorTitles":["","PLUGIN_ONLY_KEYS"],"fullName":" PLUGIN_ONLY_KEYS contains every plugin-only field once","status":"passed","title":"contains every plugin-only field once","duration":1,"failureMessages":[]},{"ancestorTitles":["","PLUGIN_ONLY_KEYS"],"fullName":" PLUGIN_ONLY_KEYS does not include any embedder-side passthrough keys","status":"passed","title":"does not include any embedder-side passthrough keys","duration":1,"failureMessages":[]},{"ancestorTitles":["","extractor registry"],"fullName":" extractor registry has the built-in choropleth handler registered for \"map\"","status":"passed","title":"has the built-in choropleth handler registered for \"map\"","duration":0,"failureMessages":[]},{"ancestorTitles":["","extractor registry"],"fullName":" extractor registry register / unregister round-trip","status":"passed","title":"register / unregister round-trip","duration":0,"failureMessages":[]}],"startTime":1778126837753,"endTime":1778126837755,"status":"passed","message":"","name":"D:/Contract Work/XR Navigation/Audiom-Highcharts/plugin/test/registry.test.ts"},{"assertionResults":[{"ancestorTitles":["","computeBBox"],"fullName":" computeBBox returns null for empty collections","status":"passed","title":"returns null for empty collections","duration":1,"failureMessages":[]},{"ancestorTitles":["","computeBBox"],"fullName":" computeBBox computes a tight bbox from two points","status":"passed","title":"computes a tight bbox from two points","duration":0,"failureMessages":[]},{"ancestorTitles":["","bboxCenter"],"fullName":" bboxCenter averages corners","status":"passed","title":"averages corners","duration":0,"failureMessages":[]},{"ancestorTitles":["","bboxZoom"],"fullName":" bboxZoom clamps to >=1 for global spans","status":"passed","title":"clamps to >=1 for global spans","duration":0,"failureMessages":[]},{"ancestorTitles":["","bboxZoom"],"fullName":" bboxZoom clamps to <=18 for tiny spans","status":"passed","title":"clamps to <=18 for tiny spans","duration":0,"failureMessages":[]},{"ancestorTitles":["","viewportFor"],"fullName":" viewportFor returns null for empty collections","status":"passed","title":"returns null for empty collections","duration":0,"failureMessages":[]},{"ancestorTitles":["","viewportFor"],"fullName":" viewportFor produces a center+zoom for non-empty collections","status":"passed","title":"produces a center+zoom for non-empty collections","duration":0,"failureMessages":[]}],"startTime":1778126837705,"endTime":1778126837707,"status":"passed","message":"","name":"D:/Contract Work/XR Navigation/Audiom-Highcharts/plugin/test/viewport.test.ts"}]}